Using pre-set license
Built from '2020.3/staging' branch; Version is '2020.3.9f1 (108be757e447) revision 1084391'; Using compiler version '192528614'; Build Type 'Release'
OS: 'Windows 10 Pro; OS build 19041.264; Version 2004; 64bit' Language: 'ru' Physical Memory: 8081 MB
BatchMode: 1, IsHumanControllingUs: 0, StartBugReporterOnCrash: 0, Is64bit: 1, IsPro: 0

 COMMAND LINE ARGUMENTS:
C:\Program Files\Unity\Hub\Editor\2020.3.9f1\Editor\Unity.exe
-adb2
-batchMode
-noUpm
-name
AssetImportWorker0
-projectPath
C:/Users/Илья/Documents/Unity/gex
-logFile
Logs/AssetImportWorker0.log
-srvPort
65149
Successfully changed project path to: C:/Users/Илья/Documents/Unity/gex
C:/Users/Илья/Documents/Unity/gex
Using Asset Import Pipeline V2.
Refreshing native plugins compatible for Editor in 47.38 ms, found 1 plugins.
Preloading 0 native plugins for Editor in 0.00 ms.
Initialize engine version: 2020.3.9f1 (108be757e447)
[Subsystems] Discovering subsystems at path C:/Program Files/Unity/Hub/Editor/2020.3.9f1/Editor/Data/Resources/UnitySubsystems
[Subsystems] Discovering subsystems at path C:/Users/Илья/Documents/Unity/gex/Assets
GfxDevice: creating device client; threaded=0
Direct3D:
    Version:  Direct3D 11.0 [level 11.1]
    Renderer: NVIDIA GeForce GTX 1050 Ti (ID=0x1c8c)
    Vendor:   
    VRAM:     4018 MB
    Driver:   27.21.14.5167
Initialize mono
Mono path[0] = 'C:/Program Files/Unity/Hub/Editor/2020.3.9f1/Editor/Data/Managed'
Mono path[1] = 'C:/Program Files/Unity/Hub/Editor/2020.3.9f1/Editor/Data/MonoBleedingEdge/lib/mono/unityjit'
Mono config path = 'C:/Program Files/Unity/Hub/Editor/2020.3.9f1/Editor/Data/MonoBleedingEdge/etc'
Using monoOptions --debugger-agent=transport=dt_socket,embedding=1,server=y,suspend=n,address=127.0.0.1:56280
Begin MonoManager ReloadAssembly
Registering precompiled unity dll's ...
Register platform support module: C:/Program Files/Unity/Hub/Editor/2020.3.9f1/Editor/Data/PlaybackEngines/WebGLSupport/UnityEditor.WebGL.Extensions.dll
Register platform support module: C:/Program Files/Unity/Hub/Editor/2020.3.9f1/Editor/Data/PlaybackEngines/WindowsStandaloneSupport/UnityEditor.WindowsStandalone.Extensions.dll
Registered in 0.001893 seconds.
Native extension for WindowsStandalone target not found
Native extension for WebGL target not found
Refreshing native plugins compatible for Editor in 37.15 ms, found 1 plugins.
Preloading 0 native plugins for Editor in 0.00 ms.
Mono: successfully reloaded assembly
- Completed reload, in  1.383 seconds
Platform modules already initialized, skipping
Registering precompiled user dll's ...
Registered in 0.000866 seconds.
Begin MonoManager ReloadAssembly
Native extension for WindowsStandalone target not found
Native extension for WebGL target not found
Refreshing native plugins compatible for Editor in 37.43 ms, found 1 plugins.
Preloading 0 native plugins for Editor in 0.00 ms.
Mono: successfully reloaded assembly
- Completed reload, in  1.042 seconds
Platform modules already initialized, skipping
========================================================================
Worker process is ready to serve import requests
Launched and connected shader compiler UnityShaderCompiler.exe after 0.05 seconds
Refreshing native plugins compatible for Editor in 0.74 ms, found 1 plugins.
Preloading 0 native plugins for Editor in 0.00 ms.
Unloading 1808 Unused Serialized files (Serialized files now loaded: 0)
System memory in use before: 84.9 MB.
System memory in use after: 84.8 MB.

Unloading 24 unused Assets to reduce memory usage. Loaded Objects now: 2251.
Total: 2.159400 ms (FindLiveObjects: 0.254000 ms CreateObjectMapping: 0.077700 ms MarkObjects: 1.707000 ms  DeleteObjects: 0.119400 ms)

========================================================================
Received Import Request.
  path: Assets/sprite (2).png
  artifactKey: Guid(fc68cffae5bd30f41bb7034bc07feb06) Importer(815301076,1909f56bfc062723c751e8b465ee728b)
Start importing Assets/sprite (2).png using Guid(fc68cffae5bd30f41bb7034bc07feb06) Importer(815301076,1909f56bfc062723c751e8b465ee728b)  -> (artifact id: 'f90eae921229ac309cb864e6d65deb18') in 0.107332 seconds
  Import took 0.110803 seconds .

========================================================================
Received Import Request.
  Time since last request: 349.203302 seconds.
  path: Assets/sprite (1).png
  artifactKey: Guid(09cbd7678118da4449bb4282a4ad8488) Importer(815301076,1909f56bfc062723c751e8b465ee728b)
Start importing Assets/sprite (1).png using Guid(09cbd7678118da4449bb4282a4ad8488) Importer(815301076,1909f56bfc062723c751e8b465ee728b)  -> (artifact id: 'f9a61daf9574f51c47dbb620451dd0ca') in 0.028861 seconds
  Import took 0.033143 seconds .

========================================================================
Received Import Request.
  Time since last request: 0.000271 seconds.
  path: Assets/sprite (3).png
  artifactKey: Guid(202dbd1dc5abe8e42984a7f35bd33c5e) Importer(815301076,1909f56bfc062723c751e8b465ee728b)
Start importing Assets/sprite (3).png using Guid(202dbd1dc5abe8e42984a7f35bd33c5e) Importer(815301076,1909f56bfc062723c751e8b465ee728b)  -> (artifact id: '3e32dca921210cf48757df80a9dcfaa5') in 0.021715 seconds
  Import took 0.025377 seconds .

========================================================================
Received Import Request.
  Time since last request: 0.000325 seconds.
  path: Assets/sprite (1).png
  artifactKey: Guid(09cbd7678118da4449bb4282a4ad8488) Importer(815301076,1909f56bfc062723c751e8b465ee728b)
Start importing Assets/sprite (1).png using Guid(09cbd7678118da4449bb4282a4ad8488) Importer(815301076,1909f56bfc062723c751e8b465ee728b)  -> (artifact id: 'f9a61daf9574f51c47dbb620451dd0ca') in 0.029499 seconds
  Import took 0.033791 seconds .

========================================================================
Received Prepare
Registering precompiled user dll's ...
Registered in 0.000825 seconds.
Begin MonoManager ReloadAssembly
Native extension for WindowsStandalone target not found
Native extension for WebGL target not found
Refreshing native plugins compatible for Editor in 0.33 ms, found 1 plugins.
Preloading 0 native plugins for Editor in 0.00 ms.
Mono: successfully reloaded assembly
- Completed reload, in  0.813 seconds
Platform modules already initialized, skipping
Refreshing native plugins compatible for Editor in 0.33 ms, found 1 plugins.
Preloading 0 native plugins for Editor in 0.00 ms.
Unloading 1803 Unused Serialized files (Serialized files now loaded: 0)
System memory in use before: 87.9 MB.
System memory in use after: 87.9 MB.

Unloading 12 unused Assets to reduce memory usage. Loaded Objects now: 2261.
Total: 1.830900 ms (FindLiveObjects: 0.190700 ms CreateObjectMapping: 0.066700 ms MarkObjects: 1.478000 ms  DeleteObjects: 0.094300 ms)

========================================================================
Received Import Request.
  Time since last request: 1929.031288 seconds.
  path: Assets
  artifactKey: Guid(00000000000000001000000000000000) Importer(815301076,1909f56bfc062723c751e8b465ee728b)
Start importing Assets using Guid(00000000000000001000000000000000) Importer(815301076,1909f56bfc062723c751e8b465ee728b)  -> (artifact id: '42d402b061de3733987d63b9cc3b64de') in 0.011410 seconds
  Import took 0.034563 seconds .

========================================================================
Received Prepare
Registering precompiled user dll's ...
Registered in 0.000850 seconds.
Begin MonoManager ReloadAssembly
Native extension for WindowsStandalone target not found
Native extension for WebGL target not found
Refreshing native plugins compatible for Editor in 0.33 ms, found 1 plugins.
Preloading 0 native plugins for Editor in 0.00 ms.
Mono: successfully reloaded assembly
- Completed reload, in  0.786 seconds
Platform modules already initialized, skipping
Refreshing native plugins compatible for Editor in 0.33 ms, found 1 plugins.
Preloading 0 native plugins for Editor in 0.00 ms.
Unloading 1803 Unused Serialized files (Serialized files now loaded: 0)
System memory in use before: 88.0 MB.
System memory in use after: 87.9 MB.

Unloading 12 unused Assets to reduce memory usage. Loaded Objects now: 2265.
Total: 2.015700 ms (FindLiveObjects: 0.202800 ms CreateObjectMapping: 0.072700 ms MarkObjects: 1.637700 ms  DeleteObjects: 0.101400 ms)

========================================================================
Received Import Request.
  Time since last request: 13.368166 seconds.
  path: Assets/images
  artifactKey: Guid(037d1773dfd5150498c3075b3f2e2e97) Importer(815301076,1909f56bfc062723c751e8b465ee728b)
Start importing Assets/images using Guid(037d1773dfd5150498c3075b3f2e2e97) Importer(815301076,1909f56bfc062723c751e8b465ee728b)  -> (artifact id: '7866235065e19193b4b6d9532e57e187') in 0.009079 seconds
  Import took 0.017917 seconds .

========================================================================
Received Import Request.
  Time since last request: 10.164876 seconds.
  path: Assets/scripts
  artifactKey: Guid(effcf617bcc26844fb292a48b236a86e) Importer(815301076,1909f56bfc062723c751e8b465ee728b)
Start importing Assets/scripts using Guid(effcf617bcc26844fb292a48b236a86e) Importer(815301076,1909f56bfc062723c751e8b465ee728b)  -> (artifact id: '5d751cf2e42d12b72de681127eb176d4') in 0.008837 seconds
  Import took 0.012907 seconds .

========================================================================
Received Import Request.
  Time since last request: 9.597383 seconds.
  path: Assets/scripts/controller.cs
  artifactKey: Guid(0ae1b3b1c16d1664cb43b6bff31a81d0) Importer(815301076,1909f56bfc062723c751e8b465ee728b)
Start importing Assets/scripts/controller.cs using Guid(0ae1b3b1c16d1664cb43b6bff31a81d0) Importer(815301076,1909f56bfc062723c751e8b465ee728b)  -> (artifact id: '22ece1be9a1d063083dc6c0594f521a3') in 0.020413 seconds
  Import took 0.023790 seconds .

========================================================================
Received Prepare
Registering precompiled user dll's ...
Registered in 0.000786 seconds.
Begin MonoManager ReloadAssembly
Native extension for WindowsStandalone target not found
Native extension for WebGL target not found
Refreshing native plugins compatible for Editor in 0.34 ms, found 1 plugins.
Preloading 0 native plugins for Editor in 0.00 ms.
Mono: successfully reloaded assembly
- Completed reload, in  0.789 seconds
Platform modules already initialized, skipping
Refreshing native plugins compatible for Editor in 0.43 ms, found 1 plugins.
Preloading 0 native plugins for Editor in 0.00 ms.
Unloading 1804 Unused Serialized files (Serialized files now loaded: 0)
System memory in use before: 88.0 MB.
System memory in use after: 88.0 MB.

Unloading 12 unused Assets to reduce memory usage. Loaded Objects now: 2270.
Total: 2.008400 ms (FindLiveObjects: 0.181300 ms CreateObjectMapping: 0.052800 ms MarkObjects: 1.640800 ms  DeleteObjects: 0.132400 ms)

========================================================================
Received Import Request.
  Time since last request: 3506.289262 seconds.
  path: Assets/scripts/controller.cs
  artifactKey: Guid(0ae1b3b1c16d1664cb43b6bff31a81d0) Importer(815301076,1909f56bfc062723c751e8b465ee728b)
Start importing Assets/scripts/controller.cs using Guid(0ae1b3b1c16d1664cb43b6bff31a81d0) Importer(815301076,1909f56bfc062723c751e8b465ee728b)  -> (artifact id: '766cd7ee279f165c889a58f693fced2b') in 0.022144 seconds
  Import took 0.045188 seconds .

========================================================================
Received Prepare
Registering precompiled user dll's ...
Registered in 0.001211 seconds.
Begin MonoManager ReloadAssembly
Native extension for WindowsStandalone target not found
Native extension for WebGL target not found
Refreshing native plugins compatible for Editor in 0.33 ms, found 1 plugins.
Preloading 0 native plugins for Editor in 0.00 ms.
Mono: successfully reloaded assembly
- Completed reload, in  0.825 seconds
Platform modules already initialized, skipping
Refreshing native plugins compatible for Editor in 0.33 ms, found 1 plugins.
Preloading 0 native plugins for Editor in 0.00 ms.
Unloading 1804 Unused Serialized files (Serialized files now loaded: 0)
System memory in use before: 88.0 MB.
System memory in use after: 88.0 MB.

Unloading 12 unused Assets to reduce memory usage. Loaded Objects now: 2274.
Total: 1.849700 ms (FindLiveObjects: 0.179500 ms CreateObjectMapping: 0.065300 ms MarkObjects: 1.487400 ms  DeleteObjects: 0.116700 ms)

========================================================================
Received Import Request.
  Time since last request: 116.466452 seconds.
  path: Assets/scripts/controller.cs
  artifactKey: Guid(0ae1b3b1c16d1664cb43b6bff31a81d0) Importer(815301076,1909f56bfc062723c751e8b465ee728b)
Start importing Assets/scripts/controller.cs using Guid(0ae1b3b1c16d1664cb43b6bff31a81d0) Importer(815301076,1909f56bfc062723c751e8b465ee728b)  -> (artifact id: 'd56c2d1ee34edaad64f0bedbfdab2a63') in 0.007003 seconds
  Import took 0.010552 seconds .

========================================================================
Received Prepare
Registering precompiled user dll's ...
Registered in 0.001629 seconds.
Begin MonoManager ReloadAssembly
Native extension for WindowsStandalone target not found
Native extension for WebGL target not found
Refreshing native plugins compatible for Editor in 0.36 ms, found 1 plugins.
Preloading 0 native plugins for Editor in 0.00 ms.
Mono: successfully reloaded assembly
- Completed reload, in  0.785 seconds
Platform modules already initialized, skipping
Refreshing native plugins compatible for Editor in 0.33 ms, found 1 plugins.
Preloading 0 native plugins for Editor in 0.00 ms.
Unloading 1804 Unused Serialized files (Serialized files now loaded: 0)
System memory in use before: 88.1 MB.
System memory in use after: 88.0 MB.

Unloading 12 unused Assets to reduce memory usage. Loaded Objects now: 2278.
Total: 1.963600 ms (FindLiveObjects: 0.167200 ms CreateObjectMapping: 0.058400 ms MarkObjects: 1.626000 ms  DeleteObjects: 0.111000 ms)

========================================================================
Received Prepare
Registering precompiled user dll's ...
Registered in 0.000882 seconds.
Begin MonoManager ReloadAssembly
Native extension for WindowsStandalone target not found
Native extension for WebGL target not found
Refreshing native plugins compatible for Editor in 0.38 ms, found 1 plugins.
Preloading 0 native plugins for Editor in 0.00 ms.
Mono: successfully reloaded assembly
- Completed reload, in  0.865 seconds
Platform modules already initialized, skipping
Refreshing native plugins compatible for Editor in 0.35 ms, found 1 plugins.
Preloading 0 native plugins for Editor in 0.00 ms.
Unloading 1804 Unused Serialized files (Serialized files now loaded: 0)
System memory in use before: 88.1 MB.
System memory in use after: 88.0 MB.

Unloading 12 unused Assets to reduce memory usage. Loaded Objects now: 2282.
Total: 2.094100 ms (FindLiveObjects: 0.192500 ms CreateObjectMapping: 0.078500 ms MarkObjects: 1.711900 ms  DeleteObjects: 0.110200 ms)

========================================================================
Received Prepare
Registering precompiled user dll's ...
Registered in 0.000925 seconds.
Begin MonoManager ReloadAssembly
Native extension for WindowsStandalone target not found
Native extension for WebGL target not found
Refreshing native plugins compatible for Editor in 1.03 ms, found 1 plugins.
Preloading 0 native plugins for Editor in 0.00 ms.
Mono: successfully reloaded assembly
- Completed reload, in  1.117 seconds
Platform modules already initialized, skipping
Refreshing native plugins compatible for Editor in 0.37 ms, found 1 plugins.
Preloading 0 native plugins for Editor in 0.00 ms.
Unloading 1804 Unused Serialized files (Serialized files now loaded: 0)
System memory in use before: 88.1 MB.
System memory in use after: 88.0 MB.

Unloading 12 unused Assets to reduce memory usage. Loaded Objects now: 2286.
Total: 2.694200 ms (FindLiveObjects: 0.209500 ms CreateObjectMapping: 0.088500 ms MarkObjects: 2.273900 ms  DeleteObjects: 0.121100 ms)

========================================================================
Received Prepare
Registering precompiled user dll's ...
Registered in 0.002300 seconds.
Begin MonoManager ReloadAssembly
Native extension for WindowsStandalone target not found
Native extension for WebGL target not found
Refreshing native plugins compatible for Editor in 0.56 ms, found 1 plugins.
Preloading 0 native plugins for Editor in 0.00 ms.
Mono: successfully reloaded assembly
- Completed reload, in  1.207 seconds
Platform modules already initialized, skipping
Refreshing native plugins compatible for Editor in 0.36 ms, found 1 plugins.
Preloading 0 native plugins for Editor in 0.00 ms.
Unloading 1804 Unused Serialized files (Serialized files now loaded: 0)
System memory in use before: 88.1 MB.
System memory in use after: 88.1 MB.

Unloading 12 unused Assets to reduce memory usage. Loaded Objects now: 2290.
Total: 2.139300 ms (FindLiveObjects: 0.229300 ms CreateObjectMapping: 0.083700 ms MarkObjects: 1.715600 ms  DeleteObjects: 0.109300 ms)

========================================================================
Received Prepare
Registering precompiled user dll's ...
Registered in 0.001160 seconds.
Begin MonoManager ReloadAssembly
Native extension for WindowsStandalone target not found
Native extension for WebGL target not found
Refreshing native plugins compatible for Editor in 0.35 ms, found 1 plugins.
Preloading 0 native plugins for Editor in 0.00 ms.
Mono: successfully reloaded assembly
- Completed reload, in  0.980 seconds
Platform modules already initialized, skipping
Refreshing native plugins compatible for Editor in 0.32 ms, found 1 plugins.
Preloading 0 native plugins for Editor in 0.00 ms.
Unloading 1804 Unused Serialized files (Serialized files now loaded: 0)
System memory in use before: 88.1 MB.
System memory in use after: 88.1 MB.

Unloading 12 unused Assets to reduce memory usage. Loaded Objects now: 2294.
Total: 2.559700 ms (FindLiveObjects: 0.349000 ms CreateObjectMapping: 0.149000 ms MarkObjects: 1.933200 ms  DeleteObjects: 0.126700 ms)

========================================================================
Received Prepare
Registering precompiled user dll's ...
Registered in 0.001743 seconds.
Begin MonoManager ReloadAssembly
Native extension for WindowsStandalone target not found
Native extension for WebGL target not found
Refreshing native plugins compatible for Editor in 0.53 ms, found 1 plugins.
Preloading 0 native plugins for Editor in 0.00 ms.
Mono: successfully reloaded assembly
- Completed reload, in  0.919 seconds
Platform modules already initialized, skipping
Refreshing native plugins compatible for Editor in 0.46 ms, found 1 plugins.
Preloading 0 native plugins for Editor in 0.00 ms.
Unloading 1804 Unused Serialized files (Serialized files now loaded: 0)
System memory in use before: 88.1 MB.
System memory in use after: 88.1 MB.

Unloading 12 unused Assets to reduce memory usage. Loaded Objects now: 2298.
Total: 2.497100 ms (FindLiveObjects: 0.319700 ms CreateObjectMapping: 0.116100 ms MarkObjects: 1.952700 ms  DeleteObjects: 0.106800 ms)

AssetImportWorkerClient::OnTransportError - code=2 error=End of file
