Using pre-set license
Built from '2020.3/staging' branch; Version is '2020.3.9f1 (108be757e447) revision 1084391'; Using compiler version '192528614'; Build Type 'Release'
OS: 'Windows 10 Pro; OS build 19041.264; Version 2004; 64bit' Language: 'ru' Physical Memory: 8081 MB
BatchMode: 1, IsHumanControllingUs: 0, StartBugReporterOnCrash: 0, Is64bit: 1, IsPro: 0

 COMMAND LINE ARGUMENTS:
C:\Program Files\Unity\Hub\Editor\2020.3.9f1\Editor\Unity.exe
-adb2
-batchMode
-noUpm
-name
AssetImportWorker0
-projectPath
C:/Users/Илья/Documents/Unity/gex
-logFile
Logs/AssetImportWorker0.log
-srvPort
55703
Successfully changed project path to: C:/Users/Илья/Documents/Unity/gex
C:/Users/Илья/Documents/Unity/gex
Using Asset Import Pipeline V2.
Refreshing native plugins compatible for Editor in 37.55 ms, found 1 plugins.
Preloading 0 native plugins for Editor in 0.00 ms.
Initialize engine version: 2020.3.9f1 (108be757e447)
[Subsystems] Discovering subsystems at path C:/Program Files/Unity/Hub/Editor/2020.3.9f1/Editor/Data/Resources/UnitySubsystems
[Subsystems] Discovering subsystems at path C:/Users/Илья/Documents/Unity/gex/Assets
GfxDevice: creating device client; threaded=0
Direct3D:
    Version:  Direct3D 11.0 [level 11.1]
    Renderer: NVIDIA GeForce GTX 1050 Ti (ID=0x1c8c)
    Vendor:   
    VRAM:     4018 MB
    Driver:   27.21.14.5167
Initialize mono
Mono path[0] = 'C:/Program Files/Unity/Hub/Editor/2020.3.9f1/Editor/Data/Managed'
Mono path[1] = 'C:/Program Files/Unity/Hub/Editor/2020.3.9f1/Editor/Data/MonoBleedingEdge/lib/mono/unityjit'
Mono config path = 'C:/Program Files/Unity/Hub/Editor/2020.3.9f1/Editor/Data/MonoBleedingEdge/etc'
Using monoOptions --debugger-agent=transport=dt_socket,embedding=1,server=y,suspend=n,address=127.0.0.1:56800
Begin MonoManager ReloadAssembly
Registering precompiled unity dll's ...
Register platform support module: C:/Program Files/Unity/Hub/Editor/2020.3.9f1/Editor/Data/PlaybackEngines/WebGLSupport/UnityEditor.WebGL.Extensions.dll
Register platform support module: C:/Program Files/Unity/Hub/Editor/2020.3.9f1/Editor/Data/PlaybackEngines/WindowsStandaloneSupport/UnityEditor.WindowsStandalone.Extensions.dll
Registered in 0.001862 seconds.
Native extension for WindowsStandalone target not found
Native extension for WebGL target not found
Refreshing native plugins compatible for Editor in 46.04 ms, found 1 plugins.
Preloading 0 native plugins for Editor in 0.00 ms.
Mono: successfully reloaded assembly
- Completed reload, in  1.072 seconds
Platform modules already initialized, skipping
Registering precompiled user dll's ...
Registered in 0.000941 seconds.
Begin MonoManager ReloadAssembly
Native extension for WindowsStandalone target not found
Native extension for WebGL target not found
Refreshing native plugins compatible for Editor in 36.50 ms, found 1 plugins.
Preloading 0 native plugins for Editor in 0.00 ms.
Mono: successfully reloaded assembly
- Completed reload, in  0.951 seconds
Platform modules already initialized, skipping
========================================================================
Worker process is ready to serve import requests
Launched and connected shader compiler UnityShaderCompiler.exe after 0.07 seconds
Refreshing native plugins compatible for Editor in 0.60 ms, found 1 plugins.
Preloading 0 native plugins for Editor in 0.00 ms.
Unloading 1809 Unused Serialized files (Serialized files now loaded: 0)
System memory in use before: 84.9 MB.
System memory in use after: 84.9 MB.

Unloading 24 unused Assets to reduce memory usage. Loaded Objects now: 2252.
Total: 2.148200 ms (FindLiveObjects: 0.181500 ms CreateObjectMapping: 0.066500 ms MarkObjects: 1.777200 ms  DeleteObjects: 0.121800 ms)

========================================================================
Received Import Request.
  path: Assets/scripts/controller.cs
  artifactKey: Guid(0ae1b3b1c16d1664cb43b6bff31a81d0) Importer(815301076,1909f56bfc062723c751e8b465ee728b)
Start importing Assets/scripts/controller.cs using Guid(0ae1b3b1c16d1664cb43b6bff31a81d0) Importer(815301076,1909f56bfc062723c751e8b465ee728b)  -> (artifact id: 'f0938c6378c37928b76d943810e1606f') in 0.022513 seconds
  Import took 0.029931 seconds .

========================================================================
Received Prepare
Registering precompiled user dll's ...
Registered in 0.000828 seconds.
Begin MonoManager ReloadAssembly
Native extension for WindowsStandalone target not found
Native extension for WebGL target not found
Refreshing native plugins compatible for Editor in 0.35 ms, found 1 plugins.
Preloading 0 native plugins for Editor in 0.00 ms.
Mono: successfully reloaded assembly
- Completed reload, in  0.835 seconds
Platform modules already initialized, skipping
Refreshing native plugins compatible for Editor in 0.33 ms, found 1 plugins.
Preloading 0 native plugins for Editor in 0.00 ms.
Unloading 1804 Unused Serialized files (Serialized files now loaded: 0)
System memory in use before: 84.9 MB.
System memory in use after: 84.9 MB.

Unloading 12 unused Assets to reduce memory usage. Loaded Objects now: 2256.
Total: 2.504500 ms (FindLiveObjects: 0.242400 ms CreateObjectMapping: 0.073800 ms MarkObjects: 2.069500 ms  DeleteObjects: 0.117700 ms)

========================================================================
Received Prepare
Registering precompiled user dll's ...
Registered in 0.000849 seconds.
Begin MonoManager ReloadAssembly
Native extension for WindowsStandalone target not found
Native extension for WebGL target not found
Refreshing native plugins compatible for Editor in 0.37 ms, found 1 plugins.
Preloading 0 native plugins for Editor in 0.00 ms.
Mono: successfully reloaded assembly
- Completed reload, in  0.837 seconds
Platform modules already initialized, skipping
Refreshing native plugins compatible for Editor in 0.33 ms, found 1 plugins.
Preloading 0 native plugins for Editor in 0.00 ms.
Unloading 1804 Unused Serialized files (Serialized files now loaded: 0)
System memory in use before: 84.9 MB.
System memory in use after: 84.9 MB.

Unloading 12 unused Assets to reduce memory usage. Loaded Objects now: 2260.
Total: 1.883300 ms (FindLiveObjects: 0.157300 ms CreateObjectMapping: 0.055200 ms MarkObjects: 1.572000 ms  DeleteObjects: 0.098000 ms)

========================================================================
Received Prepare
Registering precompiled user dll's ...
Registered in 0.000824 seconds.
Begin MonoManager ReloadAssembly
Native extension for WindowsStandalone target not found
Native extension for WebGL target not found
Refreshing native plugins compatible for Editor in 0.35 ms, found 1 plugins.
Preloading 0 native plugins for Editor in 0.00 ms.
Mono: successfully reloaded assembly
- Completed reload, in  0.814 seconds
Platform modules already initialized, skipping
Refreshing native plugins compatible for Editor in 0.36 ms, found 1 plugins.
Preloading 0 native plugins for Editor in 0.00 ms.
Unloading 1804 Unused Serialized files (Serialized files now loaded: 0)
System memory in use before: 85.0 MB.
System memory in use after: 84.9 MB.

Unloading 12 unused Assets to reduce memory usage. Loaded Objects now: 2264.
Total: 2.049200 ms (FindLiveObjects: 0.171500 ms CreateObjectMapping: 0.053500 ms MarkObjects: 1.716200 ms  DeleteObjects: 0.107000 ms)

========================================================================
Received Prepare
Registering precompiled user dll's ...
Registered in 0.000798 seconds.
Begin MonoManager ReloadAssembly
Native extension for WindowsStandalone target not found
Native extension for WebGL target not found
Refreshing native plugins compatible for Editor in 0.32 ms, found 1 plugins.
Preloading 0 native plugins for Editor in 0.00 ms.
Mono: successfully reloaded assembly
- Completed reload, in  0.791 seconds
Platform modules already initialized, skipping
Refreshing native plugins compatible for Editor in 0.32 ms, found 1 plugins.
Preloading 0 native plugins for Editor in 0.00 ms.
Unloading 1804 Unused Serialized files (Serialized files now loaded: 0)
System memory in use before: 85.0 MB.
System memory in use after: 84.9 MB.

Unloading 12 unused Assets to reduce memory usage. Loaded Objects now: 2268.
Total: 2.038100 ms (FindLiveObjects: 0.173000 ms CreateObjectMapping: 0.052300 ms MarkObjects: 1.676600 ms  DeleteObjects: 0.135400 ms)

========================================================================
Received Prepare
Registering precompiled user dll's ...
Registered in 0.000810 seconds.
Begin MonoManager ReloadAssembly
Native extension for WindowsStandalone target not found
Native extension for WebGL target not found
Refreshing native plugins compatible for Editor in 0.33 ms, found 1 plugins.
Preloading 0 native plugins for Editor in 0.00 ms.
Mono: successfully reloaded assembly
- Completed reload, in  0.814 seconds
Platform modules already initialized, skipping
Refreshing native plugins compatible for Editor in 0.33 ms, found 1 plugins.
Preloading 0 native plugins for Editor in 0.00 ms.
Unloading 1804 Unused Serialized files (Serialized files now loaded: 0)
System memory in use before: 85.0 MB.
System memory in use after: 85.0 MB.

Unloading 12 unused Assets to reduce memory usage. Loaded Objects now: 2272.
Total: 2.056400 ms (FindLiveObjects: 0.184900 ms CreateObjectMapping: 0.055400 ms MarkObjects: 1.712800 ms  DeleteObjects: 0.102400 ms)

========================================================================
Received Prepare
Registering precompiled user dll's ...
Registered in 0.000825 seconds.
Begin MonoManager ReloadAssembly
Native extension for WindowsStandalone target not found
Native extension for WebGL target not found
Refreshing native plugins compatible for Editor in 0.33 ms, found 1 plugins.
Preloading 0 native plugins for Editor in 0.00 ms.
Mono: successfully reloaded assembly
- Completed reload, in  0.786 seconds
Platform modules already initialized, skipping
Refreshing native plugins compatible for Editor in 0.33 ms, found 1 plugins.
Preloading 0 native plugins for Editor in 0.00 ms.
Unloading 1804 Unused Serialized files (Serialized files now loaded: 0)
System memory in use before: 85.0 MB.
System memory in use after: 85.0 MB.

Unloading 12 unused Assets to reduce memory usage. Loaded Objects now: 2276.
Total: 2.056600 ms (FindLiveObjects: 0.181200 ms CreateObjectMapping: 0.072100 ms MarkObjects: 1.672500 ms  DeleteObjects: 0.130000 ms)

========================================================================
Received Prepare
Registering precompiled user dll's ...
Registered in 0.000820 seconds.
Begin MonoManager ReloadAssembly
Native extension for WindowsStandalone target not found
Native extension for WebGL target not found
Refreshing native plugins compatible for Editor in 0.34 ms, found 1 plugins.
Preloading 0 native plugins for Editor in 0.00 ms.
Mono: successfully reloaded assembly
- Completed reload, in  0.798 seconds
Platform modules already initialized, skipping
Refreshing native plugins compatible for Editor in 0.34 ms, found 1 plugins.
Preloading 0 native plugins for Editor in 0.00 ms.
Unloading 1804 Unused Serialized files (Serialized files now loaded: 0)
System memory in use before: 85.0 MB.
System memory in use after: 85.0 MB.

Unloading 12 unused Assets to reduce memory usage. Loaded Objects now: 2280.
Total: 2.133300 ms (FindLiveObjects: 0.182900 ms CreateObjectMapping: 0.069700 ms MarkObjects: 1.773600 ms  DeleteObjects: 0.106000 ms)

========================================================================
Received Prepare
Registering precompiled user dll's ...
Registered in 0.000830 seconds.
Begin MonoManager ReloadAssembly
Native extension for WindowsStandalone target not found
Native extension for WebGL target not found
Refreshing native plugins compatible for Editor in 0.33 ms, found 1 plugins.
Preloading 0 native plugins for Editor in 0.00 ms.
Mono: successfully reloaded assembly
- Completed reload, in  0.788 seconds
Platform modules already initialized, skipping
Refreshing native plugins compatible for Editor in 0.33 ms, found 1 plugins.
Preloading 0 native plugins for Editor in 0.00 ms.
Unloading 1804 Unused Serialized files (Serialized files now loaded: 0)
System memory in use before: 85.0 MB.
System memory in use after: 85.0 MB.

Unloading 12 unused Assets to reduce memory usage. Loaded Objects now: 2284.
Total: 2.025000 ms (FindLiveObjects: 0.177800 ms CreateObjectMapping: 0.058800 ms MarkObjects: 1.688200 ms  DeleteObjects: 0.099000 ms)

========================================================================
Received Prepare
Registering precompiled user dll's ...
Registered in 0.000785 seconds.
Begin MonoManager ReloadAssembly
Native extension for WindowsStandalone target not found
Native extension for WebGL target not found
Refreshing native plugins compatible for Editor in 0.33 ms, found 1 plugins.
Preloading 0 native plugins for Editor in 0.00 ms.
Mono: successfully reloaded assembly
- Completed reload, in  0.785 seconds
Platform modules already initialized, skipping
Refreshing native plugins compatible for Editor in 0.36 ms, found 1 plugins.
Preloading 0 native plugins for Editor in 0.00 ms.
Unloading 1804 Unused Serialized files (Serialized files now loaded: 0)
System memory in use before: 85.0 MB.
System memory in use after: 85.0 MB.

Unloading 12 unused Assets to reduce memory usage. Loaded Objects now: 2288.
Total: 1.877300 ms (FindLiveObjects: 0.173200 ms CreateObjectMapping: 0.065500 ms MarkObjects: 1.531300 ms  DeleteObjects: 0.106000 ms)

========================================================================
Received Import Request.
  Time since last request: 978.741472 seconds.
  path: Assets/images/gratis-png-reiniciar-imagen-thumbnail.png
  artifactKey: Guid(26632ad464900314c9e7605c9647c572) Importer(815301076,1909f56bfc062723c751e8b465ee728b)
Start importing Assets/images/gratis-png-reiniciar-imagen-thumbnail.png using Guid(26632ad464900314c9e7605c9647c572) Importer(815301076,1909f56bfc062723c751e8b465ee728b)  -> (artifact id: '1f36b34bc2ef2883e1f152b94a7462a0') in 0.087239 seconds
  Import took 0.090933 seconds .

========================================================================
Received Import Request.
  Time since last request: 60.582071 seconds.
  path: Assets/images/566-5669101_restart-button-png-download-icon-png-transparent-png.png
  artifactKey: Guid(64dea489729cfb0479a1f2bb671056b2) Importer(815301076,1909f56bfc062723c751e8b465ee728b)
Start importing Assets/images/566-5669101_restart-button-png-download-icon-png-transparent-png.png using Guid(64dea489729cfb0479a1f2bb671056b2) Importer(815301076,1909f56bfc062723c751e8b465ee728b)  -> (artifact id: 'c2e9830bfd0f3fadc508f56e94ef6b24') in 0.015438 seconds
  Import took 0.019287 seconds .

========================================================================
Received Import Request.
  Time since last request: 0.000605 seconds.
  path: Assets/images/566-5669101_restart-button-png-download-icon-png-transparent-png.png
  artifactKey: Guid(64dea489729cfb0479a1f2bb671056b2) Importer(815301076,1909f56bfc062723c751e8b465ee728b)
Start importing Assets/images/566-5669101_restart-button-png-download-icon-png-transparent-png.png using Guid(64dea489729cfb0479a1f2bb671056b2) Importer(815301076,1909f56bfc062723c751e8b465ee728b)  -> (artifact id: 'c2e9830bfd0f3fadc508f56e94ef6b24') in 0.013049 seconds
  Import took 0.016795 seconds .

========================================================================
Received Import Request.
  Time since last request: 22.849431 seconds.
  path: Assets/images/png-transparent-white-arrow-illustration-computer-icons-reset-button-restart-trademark-restart-internet.png
  artifactKey: Guid(8f82d520a2f15b54db2812e73726bf42) Importer(815301076,1909f56bfc062723c751e8b465ee728b)
Start importing Assets/images/png-transparent-white-arrow-illustration-computer-icons-reset-button-restart-trademark-restart-internet.png using Guid(8f82d520a2f15b54db2812e73726bf42) Importer(815301076,1909f56bfc062723c751e8b465ee728b)  -> (artifact id: '80dcd35d08de85ff26b7bb1a55a4069e') in 0.016057 seconds
  Import took 0.020207 seconds .

========================================================================
Received Import Request.
  Time since last request: 67.145651 seconds.
  path: Assets/images/png-clipart-computer-icons-button-reboot-reset-refreshing-angle-text.png
  artifactKey: Guid(b4d88cd10facf864294a2ae6fbf16101) Importer(815301076,1909f56bfc062723c751e8b465ee728b)
Start importing Assets/images/png-clipart-computer-icons-button-reboot-reset-refreshing-angle-text.png using Guid(b4d88cd10facf864294a2ae6fbf16101) Importer(815301076,1909f56bfc062723c751e8b465ee728b)  -> (artifact id: '1e63359d48acf50ac49517e88668bc81') in 0.020403 seconds
  Import took 0.024830 seconds .

========================================================================
Received Import Request.
  Time since last request: 0.000297 seconds.
  path: Assets/images/png-transparent-reset-button-computer-icons-restart-miscellaneous-blue-computer-network-thumbnail.png
  artifactKey: Guid(36d8e8578f7226b4ea811fa8e35ee8e5) Importer(815301076,1909f56bfc062723c751e8b465ee728b)
Start importing Assets/images/png-transparent-reset-button-computer-icons-restart-miscellaneous-blue-computer-network-thumbnail.png using Guid(36d8e8578f7226b4ea811fa8e35ee8e5) Importer(815301076,1909f56bfc062723c751e8b465ee728b)  -> (artifact id: 'f513cbf9731c093d12593a79cbe79a25') in 0.014847 seconds
  Import took 0.018404 seconds .

========================================================================
Received Import Request.
  Time since last request: 126.622617 seconds.
  path: Assets/images/kisspng-reset-button-computer-icons-clip-art-reset-cliparts-5ab5af0925b4c2.2862888515218562651545.png
  artifactKey: Guid(e05d585026889874b9ad0c8418f6cbb4) Importer(815301076,1909f56bfc062723c751e8b465ee728b)
Start importing Assets/images/kisspng-reset-button-computer-icons-clip-art-reset-cliparts-5ab5af0925b4c2.2862888515218562651545.png using Guid(e05d585026889874b9ad0c8418f6cbb4) Importer(815301076,1909f56bfc062723c751e8b465ee728b)  -> (artifact id: '911bd371fda98fe41abc8f9c5e617211') in 0.022072 seconds
  Import took 0.025874 seconds .

========================================================================
Received Import Request.
  Time since last request: 10.458872 seconds.
  path: Assets/images/reset.png
  artifactKey: Guid(e05d585026889874b9ad0c8418f6cbb4) Importer(815301076,1909f56bfc062723c751e8b465ee728b)
Start importing Assets/images/reset.png using Guid(e05d585026889874b9ad0c8418f6cbb4) Importer(815301076,1909f56bfc062723c751e8b465ee728b)  -> (artifact id: '6a1b260b608b1458b8195ad649987f34') in 0.016700 seconds
  Import took 0.020611 seconds .

========================================================================
Received Import Request.
  Time since last request: 4.318898 seconds.
  path: Assets/images/restart.png
  artifactKey: Guid(e05d585026889874b9ad0c8418f6cbb4) Importer(815301076,1909f56bfc062723c751e8b465ee728b)
Start importing Assets/images/restart.png using Guid(e05d585026889874b9ad0c8418f6cbb4) Importer(815301076,1909f56bfc062723c751e8b465ee728b)  -> (artifact id: '65e1793a72207a99484140bcfafe32f4') in 0.017222 seconds
  Import took 0.021177 seconds .

========================================================================
Received Import Request.
  Time since last request: 91.413331 seconds.
  path: Assets/images/hand-painted-watercolor-background-with-sky-and-clouds-shape.jpg
  artifactKey: Guid(2136ecfad5cf3c248b8b868b2bc28f5c) Importer(815301076,1909f56bfc062723c751e8b465ee728b)
Start importing Assets/images/hand-painted-watercolor-background-with-sky-and-clouds-shape.jpg using Guid(2136ecfad5cf3c248b8b868b2bc28f5c) Importer(815301076,1909f56bfc062723c751e8b465ee728b)  -> (artifact id: '4169ae3b988cd9507f04371c374f5288') in 0.025234 seconds
  Import took 0.029189 seconds .

========================================================================
Received Import Request.
  Time since last request: 100.449991 seconds.
  path: Assets/images/5072310.jpg
  artifactKey: Guid(00ae4ba4a98ce8141bd34fa98364b81a) Importer(815301076,1909f56bfc062723c751e8b465ee728b)
Start importing Assets/images/5072310.jpg using Guid(00ae4ba4a98ce8141bd34fa98364b81a) Importer(815301076,1909f56bfc062723c751e8b465ee728b)  -> (artifact id: 'dcd74b78d2a1e4d424217acf89a62410') in 0.064038 seconds
  Import took 0.068198 seconds .

AssetImportWorkerClient::OnTransportError - code=2 error=End of file
